<?xml version="1.0" encoding="UTF-8"?>
<testng-results skipped="0" failed="2" ignored="3" total="6" passed="1">
  <reporter-output>
  </reporter-output>
  <suite name="Suite" duration-ms="51142" started-at="2017-11-04T01:15:11Z" finished-at="2017-11-04T01:16:03Z">
    <groups>
    </groups>
    <test name="Test" duration-ms="51142" started-at="2017-11-04T01:15:11Z" finished-at="2017-11-04T01:16:03Z">
      <class name="com.w2a.architectbatch1_dee.testcases.TestCase2">
        <test-method status="PASS" signature="beforeClass()[pri:0, instance:com.w2a.architectbatch1_dee.testcases.TestCase2@78b66d36]" name="beforeClass" is-config="true" duration-ms="0" started-at="2017-11-04T06:45:11Z" finished-at="2017-11-04T06:45:11Z">
          <reporter-output>
          </reporter-output>
        </test-method> <!-- beforeClass -->
        <test-method status="PASS" signature="beforeMethod(java.lang.reflect.Method)[pri:0, instance:com.w2a.architectbatch1_dee.testcases.TestCase2@78b66d36]" name="beforeMethod" is-config="true" duration-ms="13358" started-at="2017-11-04T06:45:11Z" finished-at="2017-11-04T06:45:25Z">
          <params>
            <param index="0">
              <value>
                <![CDATA[public void com.w2a.architectbatch1_dee.testcases.TestCase2.tc_02()]]>
              </value>
            </param>
          </params>
          <reporter-output>
          </reporter-output>
        </test-method> <!-- beforeMethod -->
        <test-method status="PASS" signature="tc_02()[pri:0, instance:com.w2a.architectbatch1_dee.testcases.TestCase2@78b66d36]" name="tc_02" duration-ms="37752" started-at="2017-11-04T06:45:25Z" finished-at="2017-11-04T06:46:03Z">
          <reporter-output>
          </reporter-output>
        </test-method> <!-- tc_02 -->
        <test-method status="SKIP" signature="afterMethod()[pri:0, instance:com.w2a.architectbatch1_dee.testcases.TestCase2@78b66d36]" name="afterMethod" is-config="true" duration-ms="0" started-at="2017-11-04T06:46:03Z" finished-at="2017-11-04T06:46:03Z">
          <reporter-output>
          </reporter-output>
        </test-method> <!-- afterMethod -->
        <test-method status="SKIP" signature="afterClass()[pri:0, instance:com.w2a.architectbatch1_dee.testcases.TestCase2@78b66d36]" name="afterClass" is-config="true" duration-ms="0" started-at="2017-11-04T06:46:03Z" finished-at="2017-11-04T06:46:03Z">
          <reporter-output>
          </reporter-output>
        </test-method> <!-- afterClass -->
      </class> <!-- com.w2a.architectbatch1_dee.testcases.TestCase2 -->
      <class name="com.w2a.architectbatch1_dee.testcases.TestCase1">
        <test-method status="PASS" signature="beforeSuite()[pri:0, instance:com.w2a.architectbatch1_dee.testcases.TestCase1@7ce3cb8e]" name="beforeSuite" is-config="true" duration-ms="10" started-at="2017-11-04T06:45:11Z" finished-at="2017-11-04T06:45:11Z">
          <reporter-output>
          </reporter-output>
        </test-method> <!-- beforeSuite -->
        <test-method status="PASS" signature="beforeTest()[pri:0, instance:com.w2a.architectbatch1_dee.testcases.TestCase1@7ce3cb8e]" name="beforeTest" is-config="true" duration-ms="1" started-at="2017-11-04T06:45:11Z" finished-at="2017-11-04T06:45:11Z">
          <reporter-output>
          </reporter-output>
        </test-method> <!-- beforeTest -->
        <test-method status="PASS" signature="beforeClass()[pri:0, instance:com.w2a.architectbatch1_dee.testcases.TestCase1@7ce3cb8e]" name="beforeClass" is-config="true" duration-ms="0" started-at="2017-11-04T06:45:11Z" finished-at="2017-11-04T06:45:11Z">
          <reporter-output>
          </reporter-output>
        </test-method> <!-- beforeClass -->
        <test-method status="PASS" signature="beforeMethod(java.lang.reflect.Method)[pri:0, instance:com.w2a.architectbatch1_dee.testcases.TestCase1@7ce3cb8e]" name="beforeMethod" is-config="true" duration-ms="13378" started-at="2017-11-04T06:45:11Z" finished-at="2017-11-04T06:45:25Z">
          <params>
            <param index="0">
              <value>
                <![CDATA[public void com.w2a.architectbatch1_dee.testcases.TestCase1.tc_03()]]>
              </value>
            </param>
          </params>
          <reporter-output>
          </reporter-output>
        </test-method> <!-- beforeMethod -->
        <test-method status="PASS" signature="beforeMethod(java.lang.reflect.Method)[pri:0, instance:com.w2a.architectbatch1_dee.testcases.TestCase1@7ce3cb8e]" name="beforeMethod" is-config="true" duration-ms="11970" started-at="2017-11-04T06:45:11Z" finished-at="2017-11-04T06:45:23Z">
          <params>
            <param index="0">
              <value>
                <![CDATA[public void com.w2a.architectbatch1_dee.testcases.TestCase1.tc_01()]]>
              </value>
            </param>
          </params>
          <reporter-output>
          </reporter-output>
        </test-method> <!-- beforeMethod -->
        <test-method status="FAIL" signature="tc_01()[pri:0, instance:com.w2a.architectbatch1_dee.testcases.TestCase1@7ce3cb8e]" name="tc_01" duration-ms="30871" started-at="2017-11-04T06:45:23Z" finished-at="2017-11-04T06:45:54Z">
          <exception class="java.lang.NullPointerException">
            <full-stacktrace>
              <![CDATA[java.lang.NullPointerException
	at com.w2a.architectbatch1_dee.testcases.TestCase1.tc_01(TestCase1.java:15)
	at sun.reflect.NativeMethodAccessorImpl.invoke0(Native Method)
	at sun.reflect.NativeMethodAccessorImpl.invoke(NativeMethodAccessorImpl.java:62)
	at sun.reflect.DelegatingMethodAccessorImpl.invoke(DelegatingMethodAccessorImpl.java:43)
	at java.lang.reflect.Method.invoke(Method.java:498)
	at org.testng.internal.MethodInvocationHelper.invokeMethod(MethodInvocationHelper.java:108)
	at org.testng.internal.Invoker.invokeMethod(Invoker.java:669)
	at org.testng.internal.Invoker.invokeTestMethod(Invoker.java:877)
	at org.testng.internal.Invoker.invokeTestMethods(Invoker.java:1201)
	at org.testng.internal.TestMethodWorker.invokeTestMethods(TestMethodWorker.java:125)
	at org.testng.internal.TestMethodWorker.run(TestMethodWorker.java:109)
	at java.util.concurrent.ThreadPoolExecutor.runWorker(ThreadPoolExecutor.java:1142)
	at java.util.concurrent.ThreadPoolExecutor$Worker.run(ThreadPoolExecutor.java:617)
	at java.lang.Thread.run(Thread.java:748)
]]>
            </full-stacktrace>
          </exception> <!-- java.lang.NullPointerException -->
          <reporter-output>
          </reporter-output>
        </test-method> <!-- tc_01 -->
        <test-method status="FAIL" signature="tc_03()[pri:0, instance:com.w2a.architectbatch1_dee.testcases.TestCase1@7ce3cb8e]" name="tc_03" duration-ms="26474" started-at="2017-11-04T06:45:25Z" finished-at="2017-11-04T06:45:51Z">
          <exception class="org.openqa.selenium.NoSuchElementException">
            <message>
              <![CDATA[Unable to locate element: //input[@value='Log In']
For documentation on this error, please visit: http://seleniumhq.org/exceptions/no_such_element.html
Build info: version: '3.6.0', revision: '6fbf3ec767', time: '2017-09-27T15:28:36.4Z'
System info: host: 'DEE-PC', ip: '169.254.49.166', os.name: 'Windows 10', os.arch: 'amd64', os.version: '10.0', java.version: '1.8.0_131'
Driver info: org.openqa.selenium.firefox.FirefoxDriver
Capabilities [{moz:profile=C:\Users\Dee\AppData\Local\Temp\rust_mozprofile.aovQYL6jZX45, rotatable=false, timeouts={implicit=0, pageLoad=300000, script=30000}, pageLoadStrategy=normal, moz:headless=false, platform=XP, specificationLevel=0, moz:accessibilityChecks=false, acceptInsecureCerts=true, browserVersion=56.0.2, platformVersion=10.0, moz:processID=11128, browserName=firefox, javascriptEnabled=true, platformName=XP}]
Session ID: 0d437c8f-8804-4252-b5aa-8f4679674702
*** Element info: {Using=xpath, value=//input[@value='Log In']}]]>
            </message>
            <full-stacktrace>
              <![CDATA[org.openqa.selenium.NoSuchElementException: Unable to locate element: //input[@value='Log In']
For documentation on this error, please visit: http://seleniumhq.org/exceptions/no_such_element.html
Build info: version: '3.6.0', revision: '6fbf3ec767', time: '2017-09-27T15:28:36.4Z'
System info: host: 'DEE-PC', ip: '169.254.49.166', os.name: 'Windows 10', os.arch: 'amd64', os.version: '10.0', java.version: '1.8.0_131'
Driver info: org.openqa.selenium.firefox.FirefoxDriver
Capabilities [{moz:profile=C:\Users\Dee\AppData\Local\Temp\rust_mozprofile.aovQYL6jZX45, rotatable=false, timeouts={implicit=0, pageLoad=300000, script=30000}, pageLoadStrategy=normal, moz:headless=false, platform=XP, specificationLevel=0, moz:accessibilityChecks=false, acceptInsecureCerts=true, browserVersion=56.0.2, platformVersion=10.0, moz:processID=11128, browserName=firefox, javascriptEnabled=true, platformName=XP}]
Session ID: 0d437c8f-8804-4252-b5aa-8f4679674702
*** Element info: {Using=xpath, value=//input[@value='Log In']}
	at sun.reflect.NativeConstructorAccessorImpl.newInstance0(Native Method)
	at sun.reflect.NativeConstructorAccessorImpl.newInstance(NativeConstructorAccessorImpl.java:62)
	at sun.reflect.DelegatingConstructorAccessorImpl.newInstance(DelegatingConstructorAccessorImpl.java:45)
	at java.lang.reflect.Constructor.newInstance(Constructor.java:423)
	at org.openqa.selenium.remote.http.W3CHttpResponseCodec.createException(W3CHttpResponseCodec.java:185)
	at org.openqa.selenium.remote.http.W3CHttpResponseCodec.decode(W3CHttpResponseCodec.java:120)
	at org.openqa.selenium.remote.http.W3CHttpResponseCodec.decode(W3CHttpResponseCodec.java:49)
	at org.openqa.selenium.remote.HttpCommandExecutor.execute(HttpCommandExecutor.java:164)
	at org.openqa.selenium.remote.service.DriverCommandExecutor.execute(DriverCommandExecutor.java:83)
	at org.openqa.selenium.remote.RemoteWebDriver.execute(RemoteWebDriver.java:586)
	at org.openqa.selenium.remote.RemoteWebDriver.findElement(RemoteWebDriver.java:356)
	at org.openqa.selenium.remote.RemoteWebDriver.findElementByXPath(RemoteWebDriver.java:458)
	at org.openqa.selenium.By$ByXPath.findElement(By.java:361)
	at org.openqa.selenium.remote.RemoteWebDriver.findElement(RemoteWebDriver.java:348)
	at com.w2a.architectbatch1_dee.testcases.TestCase1.tc_03(TestCase1.java:30)
	at sun.reflect.NativeMethodAccessorImpl.invoke0(Native Method)
	at sun.reflect.NativeMethodAccessorImpl.invoke(NativeMethodAccessorImpl.java:62)
	at sun.reflect.DelegatingMethodAccessorImpl.invoke(DelegatingMethodAccessorImpl.java:43)
	at java.lang.reflect.Method.invoke(Method.java:498)
	at org.testng.internal.MethodInvocationHelper.invokeMethod(MethodInvocationHelper.java:108)
	at org.testng.internal.Invoker.invokeMethod(Invoker.java:669)
	at org.testng.internal.Invoker.invokeTestMethod(Invoker.java:877)
	at org.testng.internal.Invoker.invokeTestMethods(Invoker.java:1201)
	at org.testng.internal.TestMethodWorker.invokeTestMethods(TestMethodWorker.java:125)
	at org.testng.internal.TestMethodWorker.run(TestMethodWorker.java:109)
	at java.util.concurrent.ThreadPoolExecutor.runWorker(ThreadPoolExecutor.java:1142)
	at java.util.concurrent.ThreadPoolExecutor$Worker.run(ThreadPoolExecutor.java:617)
	at java.lang.Thread.run(Thread.java:748)
]]>
            </full-stacktrace>
          </exception> <!-- org.openqa.selenium.NoSuchElementException -->
          <reporter-output>
          </reporter-output>
        </test-method> <!-- tc_03 -->
        <test-method status="FAIL" signature="afterMethod()[pri:0, instance:com.w2a.architectbatch1_dee.testcases.TestCase1@7ce3cb8e]" name="afterMethod" is-config="true" duration-ms="1009" started-at="2017-11-04T06:45:51Z" finished-at="2017-11-04T06:45:52Z">
          <exception class="java.lang.NullPointerException">
            <full-stacktrace>
              <![CDATA[java.lang.NullPointerException
	at com.w2a.architectbatch1_dee.basesetup.TestSetup.afterMethod(TestSetup.java:66)
	at sun.reflect.NativeMethodAccessorImpl.invoke0(Native Method)
	at sun.reflect.NativeMethodAccessorImpl.invoke(NativeMethodAccessorImpl.java:62)
	at sun.reflect.DelegatingMethodAccessorImpl.invoke(DelegatingMethodAccessorImpl.java:43)
	at java.lang.reflect.Method.invoke(Method.java:498)
	at org.testng.internal.MethodInvocationHelper.invokeMethod(MethodInvocationHelper.java:108)
	at org.testng.internal.Invoker.invokeConfigurationMethod(Invoker.java:523)
	at org.testng.internal.Invoker.invokeConfigurations(Invoker.java:224)
	at org.testng.internal.Invoker.invokeMethod(Invoker.java:731)
	at org.testng.internal.Invoker.invokeTestMethod(Invoker.java:877)
	at org.testng.internal.Invoker.invokeTestMethods(Invoker.java:1201)
	at org.testng.internal.TestMethodWorker.invokeTestMethods(TestMethodWorker.java:125)
	at org.testng.internal.TestMethodWorker.run(TestMethodWorker.java:109)
	at java.util.concurrent.ThreadPoolExecutor.runWorker(ThreadPoolExecutor.java:1142)
	at java.util.concurrent.ThreadPoolExecutor$Worker.run(ThreadPoolExecutor.java:617)
	at java.lang.Thread.run(Thread.java:748)
]]>
            </full-stacktrace>
          </exception> <!-- java.lang.NullPointerException -->
          <reporter-output>
          </reporter-output>
        </test-method> <!-- afterMethod -->
        <test-method status="SKIP" signature="afterMethod()[pri:0, instance:com.w2a.architectbatch1_dee.testcases.TestCase1@7ce3cb8e]" name="afterMethod" is-config="true" duration-ms="0" started-at="2017-11-04T06:45:54Z" finished-at="2017-11-04T06:45:54Z">
          <reporter-output>
          </reporter-output>
        </test-method> <!-- afterMethod -->
        <test-method status="SKIP" signature="afterClass()[pri:0, instance:com.w2a.architectbatch1_dee.testcases.TestCase1@7ce3cb8e]" name="afterClass" is-config="true" duration-ms="0" started-at="2017-11-04T06:45:54Z" finished-at="2017-11-04T06:45:54Z">
          <reporter-output>
          </reporter-output>
        </test-method> <!-- afterClass -->
        <test-method status="SKIP" signature="afterSuite()[pri:0, instance:com.w2a.architectbatch1_dee.testcases.TestCase1@7ce3cb8e]" name="afterSuite" is-config="true" duration-ms="0" started-at="2017-11-04T06:46:03Z" finished-at="2017-11-04T06:46:03Z">
          <reporter-output>
          </reporter-output>
        </test-method> <!-- afterSuite -->
      </class> <!-- com.w2a.architectbatch1_dee.testcases.TestCase1 -->
    </test> <!-- Test -->
  </suite> <!-- Suite -->
</testng-results>
