<?xml version="1.0" encoding="UTF-8"?>
<testng-results skipped="0" failed="0" ignored="0" total="2" passed="2">
  <reporter-output>
  </reporter-output>
  <suite name="Default suite" duration-ms="56" started-at="2017-11-01T21:20:52Z" finished-at="2017-11-01T21:20:52Z">
    <groups>
    </groups>
    <test name="Default test" duration-ms="56" started-at="2017-11-01T21:20:52Z" finished-at="2017-11-01T21:20:52Z">
      <class name="com.w2a.architectbatch1_dee.rough.RoughAnnotations">
        <test-method status="PASS" signature="beforeSuite()[pri:0, instance:com.w2a.architectbatch1_dee.rough.RoughAnnotations@29ee9faa]" name="beforeSuite" is-config="true" duration-ms="11" started-at="2017-11-02T02:50:52Z" finished-at="2017-11-02T02:50:52Z">
          <reporter-output>
          </reporter-output>
        </test-method> <!-- beforeSuite -->
        <test-method status="PASS" signature="beforeTest()[pri:0, instance:com.w2a.architectbatch1_dee.rough.RoughAnnotations@29ee9faa]" name="beforeTest" is-config="true" duration-ms="2" started-at="2017-11-02T02:50:52Z" finished-at="2017-11-02T02:50:52Z">
          <reporter-output>
          </reporter-output>
        </test-method> <!-- beforeTest -->
        <test-method status="PASS" signature="beforeClass()[pri:0, instance:com.w2a.architectbatch1_dee.rough.RoughAnnotations@29ee9faa]" name="beforeClass" is-config="true" duration-ms="1" started-at="2017-11-02T02:50:52Z" finished-at="2017-11-02T02:50:52Z">
          <reporter-output>
          </reporter-output>
        </test-method> <!-- beforeClass -->
        <test-method status="PASS" signature="beforeMethod()[pri:0, instance:com.w2a.architectbatch1_dee.rough.RoughAnnotations@29ee9faa]" name="beforeMethod" is-config="true" duration-ms="1" started-at="2017-11-02T02:50:52Z" finished-at="2017-11-02T02:50:52Z">
          <reporter-output>
          </reporter-output>
        </test-method> <!-- beforeMethod -->
        <test-method status="PASS" signature="f(java.lang.Integer, java.lang.String)[pri:0, instance:com.w2a.architectbatch1_dee.rough.RoughAnnotations@29ee9faa]" name="f" duration-ms="5" started-at="2017-11-02T02:50:52Z" data-provider="dp" finished-at="2017-11-02T02:50:52Z">
          <params>
            <param index="0">
              <value>
                <![CDATA[1]]>
              </value>
            </param>
            <param index="1">
              <value>
                <![CDATA[a]]>
              </value>
            </param>
          </params>
          <reporter-output>
          </reporter-output>
        </test-method> <!-- f -->
        <test-method status="PASS" signature="afterMethod()[pri:0, instance:com.w2a.architectbatch1_dee.rough.RoughAnnotations@29ee9faa]" name="afterMethod" is-config="true" duration-ms="2" started-at="2017-11-02T02:50:52Z" finished-at="2017-11-02T02:50:52Z">
          <reporter-output>
          </reporter-output>
        </test-method> <!-- afterMethod -->
        <test-method status="PASS" signature="f(java.lang.Integer, java.lang.String)[pri:0, instance:com.w2a.architectbatch1_dee.rough.RoughAnnotations@29ee9faa]" name="f" duration-ms="2" started-at="2017-11-02T02:50:52Z" data-provider="dp" finished-at="2017-11-02T02:50:52Z">
          <params>
            <param index="0">
              <value>
                <![CDATA[2]]>
              </value>
            </param>
            <param index="1">
              <value>
                <![CDATA[b]]>
              </value>
            </param>
          </params>
          <reporter-output>
          </reporter-output>
        </test-method> <!-- f -->
        <test-method status="PASS" signature="beforeMethod()[pri:0, instance:com.w2a.architectbatch1_dee.rough.RoughAnnotations@29ee9faa]" name="beforeMethod" is-config="true" duration-ms="0" started-at="2017-11-02T02:50:52Z" finished-at="2017-11-02T02:50:52Z">
          <reporter-output>
          </reporter-output>
        </test-method> <!-- beforeMethod -->
        <test-method status="PASS" signature="afterMethod()[pri:0, instance:com.w2a.architectbatch1_dee.rough.RoughAnnotations@29ee9faa]" name="afterMethod" is-config="true" duration-ms="0" started-at="2017-11-02T02:50:52Z" finished-at="2017-11-02T02:50:52Z">
          <reporter-output>
          </reporter-output>
        </test-method> <!-- afterMethod -->
        <test-method status="PASS" signature="afterClass()[pri:0, instance:com.w2a.architectbatch1_dee.rough.RoughAnnotations@29ee9faa]" name="afterClass" is-config="true" duration-ms="0" started-at="2017-11-02T02:50:52Z" finished-at="2017-11-02T02:50:52Z">
          <reporter-output>
          </reporter-output>
        </test-method> <!-- afterClass -->
        <test-method status="PASS" signature="afterSuite()[pri:0, instance:com.w2a.architectbatch1_dee.rough.RoughAnnotations@29ee9faa]" name="afterSuite" is-config="true" duration-ms="1" started-at="2017-11-02T02:50:52Z" finished-at="2017-11-02T02:50:52Z">
          <reporter-output>
          </reporter-output>
        </test-method> <!-- afterSuite -->
      </class> <!-- com.w2a.architectbatch1_dee.rough.RoughAnnotations -->
    </test> <!-- Default test -->
  </suite> <!-- Default suite -->
</testng-results>
